        -:    0:Source:../device/device.h
        -:    0:Graph:device.gcno
        -:    0:Data:device.gcda
        -:    0:Runs:8
        -:    0:Programs:4
        -:    1:#include "../src/IRrecv.h"
        -:    2:#include "rooms.h"
        -:    3:#include <stdio.h>
        -:    4:
        -:    5:#ifndef DEVICE_H
        -:    6:#define DEVICE_H
        -:    7:
        -:    8:
        -:    9:class Device {
        -:   10:	public:
        -:   11:		Device() : next(nullptr), prev(nullptr),but_head(nullptr) {};
function _ZN6DeviceC2EPcP14decode_resultsPS_S3_ called 16 returned 100% blocks executed 100%
       16:   12:		Device(char* name,decode_results* dec, Device* n, Device* p) : next(n), prev(p), but_head(new Button("Power",dec)),dname(name) {};
call    0 returned 100%
call    1 returned 100%
        -:   13:		bool add_button(char* name,decode_results res);
        -:   14:		bool searchButton(char *name);
        -:   15:		char* get_name();
        -:   16:		decode_results findButton(char* name);
        -:   17:		Device* next;
        -:   18:		Device* prev;
        -:   19:		class Button {
        -:   20:			public:
        -:   21:				Button() : next(nullptr), prev(nullptr) {};
        -:   22:				//constructor for name 
function _ZN6Device6ButtonC2EPcP14decode_results called 108 returned 100% blocks executed 100%
      108:   23:				Button(char *name, decode_results *result){
      108:   24:					bname = name;
      108:   25:					results = *result; 
      108:   26:					next = nullptr;
      108:   27:					prev = nullptr;
      108:   28:					}
function _ZN6Device6ButtonC2EPc14decode_resultsPS0_S3_ called 40 returned 100% blocks executed 100%
       40:   29:				Button(char* name, decode_results res, Button* n, Button* p) : bname(name), results(res), next(n), prev(p) {};
        -:   30:				char* bname;
        -:   31:
        -:   32:				decode_results results;
        -:   33:				Button* next;
        -:   34:				Button* prev;
        -:   35:		};
        -:   36:	public:
function _ZN6DeviceC2EPcP14decode_results called 92 returned 100% blocks executed 100%
       92:   37:		Device(char *name,decode_results* dec){
       92:   38:			but_head= new Button("Power",dec);
call    0 returned 100%
call    1 returned 100%
       92:   39:			dname =name; 
       92:   40:			next = nullptr;
       92:   41:			prev = nullptr;
       92:   42:			}
        -:   43:	private: 
        -:   44:		Button* but_head;
        -:   45:		char* dname;
        -:   46:
        -:   47:};
        -:   48:
        -:   49:
        -:   50:class Dlist {
        -:   51:	public:
        -:   52:		Dlist() : dev_head(nullptr), room_head(nullptr) {};
        -:   53:		bool addDevice(char* name, decode_results *res);
        -:   54:		Device* findDevice(char* name);
        -:   55:		bool searchDevice(char *name);
        -:   56:		bool searchRoom(char *name);
        -:   57:		bool addRoom(char* name);
        -:   58:		bool addQA(char* dev, int spot = -1);
        -:   59:	private:
        -:   60:		Device* dev_head;
        -:   61:		Room* room_head; //points to list of rooms
        -:   62:		char* quickAccess[3];
        -:   63:
        -:   64:};
        -:   65:
        -:   66:
        -:   67:
        -:   68:
        -:   69:
        -:   70:#endif
